<?xml version="1.0" encoding="UTF-8"?>
<testsuite xmlns:xsi="http://www.w3.org/2001/XMLSchema-instance" xsi:noNamespaceSchemaLocation="https://maven.apache.org/surefire/maven-surefire-plugin/xsd/surefire-test-report-3.0.xsd" version="3.0" name="org.quarkus.business.service.impl.UserImplTest" time="1.32" tests="3" errors="0" skipped="0" failures="0">
  <properties>
[...]
</properties>
  <testcase name="givenUsersWhenRetrievingUsersThenShouldReturnUserList" classname="org.quarkus.business.service.impl.UserImplTest" time="1.064">
    <system-out><![CDATA[2024-07-10 21:35:27,482 DEBUG [org.jbo.logging] (ForkJoinPool.commonPool-worker-1) Logging Provider: org.jboss.logging.JBossLogManagerProvider
2024-07-10 21:35:27,494 DEBUG [io.sma.config] (ForkJoinPool.commonPool-worker-1) SRCFG01006: Loaded ConfigSource SysPropConfigSource with ordinal 400
2024-07-10 21:35:27,494 DEBUG [io.sma.config] (ForkJoinPool.commonPool-worker-1) SRCFG01006: Loaded ConfigSource EnvConfigSource with ordinal 300
2024-07-10 21:35:27,494 DEBUG [io.sma.config] (ForkJoinPool.commonPool-worker-1) SRCFG01006: Loaded ConfigSource PropertiesConfigSource[source=file:/E:/ecommerce-store/apis/store-backend-user/target/classes/application.properties] with ordinal 250
2024-07-10 21:35:27,494 DEBUG [io.sma.config] (ForkJoinPool.commonPool-worker-1) SRCFG01006: Loaded ConfigSource test URL provider with ordinal -2147482648
2024-07-10 21:35:27,494 DEBUG [io.sma.config] (ForkJoinPool.commonPool-worker-1) SRCFG01006: Loaded ConfigSource DefaultValuesConfigSource with ordinal -2147483648
2024-07-10 21:35:28,630 DEBUG [io.sma.config] (main) SRCFG01006: Loaded ConfigSource SysPropConfigSource with ordinal 400
2024-07-10 21:35:28,630 DEBUG [io.sma.config] (main) SRCFG01006: Loaded ConfigSource EnvConfigSource with ordinal 300
2024-07-10 21:35:28,630 DEBUG [io.sma.config] (main) SRCFG01006: Loaded ConfigSource PropertiesConfigSource[source=file:/E:/ecommerce-store/apis/store-backend-user/target/classes/application.properties] with ordinal 250
2024-07-10 21:35:28,630 DEBUG [io.sma.config] (main) SRCFG01006: Loaded ConfigSource test URL provider with ordinal -2147482648
2024-07-10 21:35:28,631 DEBUG [io.sma.config] (main) SRCFG01006: Loaded ConfigSource DefaultValuesConfigSource with ordinal -2147483648
]]></system-out>
  </testcase>
  <testcase name="givenNoUsersWhenRetrievingUsersThenShouldReturnEmptyList" classname="org.quarkus.business.service.impl.UserImplTest" time="0.003"/>
  <testcase name="givenExceptionWhenRetrievingUsersThenShouldThrowException" classname="org.quarkus.business.service.impl.UserImplTest" time="0.004"/>
</testsuite>